<?xml version="1.0" encoding="UTF-8"?>
<testng-results ignored="0" total="0" passed="0" failed="0" skipped="0">
  <reporter-output>
  </reporter-output>
  <suite started-at="2026-02-02T12:03:15 IST" name="Default suite" finished-at="2026-02-02T12:03:15 IST" duration-ms="15">
    <groups>
    </groups>
    <test started-at="2026-02-02T12:03:15 IST" name="Default test" finished-at="2026-02-02T12:03:15 IST" duration-ms="15">
      <class name="JIRA_BugCreation.JIRA_Test.BaseTest">
        <test-method is-config="true" signature="setup()[pri:0, instance:JIRA_BugCreation.JIRA_Test.BaseTest@2a4fb17b]" started-at="2026-02-02T12:03:14 IST" name="setup" finished-at="2026-02-02T12:03:15 IST" duration-ms="537" status="PASS">
          <reporter-output>
          </reporter-output>
        </test-method> <!-- setup -->
      </class> <!-- JIRA_BugCreation.JIRA_Test.BaseTest -->
    </test> <!-- Default test -->
  </suite> <!-- Default suite -->
</testng-results>
